2016-05-11 13:19:02,083 [Start Help Server] INFO  org.eclipse.jetty.server.Server - jetty-8.1.16.v20140903
2016-05-11 13:19:02,135 [Start Help Server] INFO  o.e.jetty.server.AbstractConnector - Started SelectChannelConnector@127.0.0.1:49394
2016-05-11 13:20:59,988 [Stop Help Server] INFO  o.e.j.server.handler.ContextHandler - stopped o.e.j.s.ServletContextHandler{/help,null}
2016-05-11 13:21:14,965 [Start Help Server] INFO  org.eclipse.jetty.server.Server - jetty-8.1.16.v20140903
2016-05-11 13:21:14,995 [Start Help Server] INFO  o.e.jetty.server.AbstractConnector - Started SelectChannelConnector@127.0.0.1:46756
2016-05-12 13:49:48,579 [Stop Help Server] INFO  o.e.j.server.handler.ContextHandler - stopped o.e.j.s.ServletContextHandler{/help,null}
2016-05-12 13:49:48,904 [Stop Help Server] WARN  o.e.j.util.thread.QueuedThreadPool - 4 threads could not be stopped
2016-05-17 13:57:37,826 [Start Help Server] INFO  org.eclipse.jetty.server.Server - jetty-8.1.16.v20140903
2016-05-17 13:57:37,970 [Start Help Server] INFO  o.e.jetty.server.AbstractConnector - Started SelectChannelConnector@127.0.0.1:54317
2016-05-17 17:41:20,681 [Worker-90] INFO  org.eclipse.jetty.server.Server - jetty-8.1.16.v20140903
2016-05-17 17:41:20,747 [Worker-90] INFO  o.e.jetty.server.AbstractConnector - Started SelectChannelConnector@0.0.0.0:57961
2016-05-17 17:48:34,875 [Stop Help Server] INFO  o.e.j.server.handler.ContextHandler - stopped o.e.j.s.ServletContextHandler{/help,null}
2016-05-17 18:47:34,377 [Start Help Server] INFO  org.eclipse.jetty.server.Server - jetty-8.1.16.v20140903
2016-05-17 18:47:34,450 [Start Help Server] INFO  o.e.jetty.server.AbstractConnector - Started SelectChannelConnector@127.0.0.1:53517
2016-05-18 22:00:00,359 [Stop Help Server] INFO  o.e.j.server.handler.ContextHandler - stopped o.e.j.s.ServletContextHandler{/help,null}
2016-05-18 22:00:00,460 [Stop Help Server] WARN  o.e.j.util.thread.QueuedThreadPool - 1 threads could not be stopped
2016-05-20 12:33:01,626 [Start Help Server] INFO  org.eclipse.jetty.server.Server - jetty-8.1.16.v20140903
2016-05-20 12:33:01,862 [Start Help Server] INFO  o.e.jetty.server.AbstractConnector - Started SelectChannelConnector@127.0.0.1:36090
2016-05-20 13:49:46,701 [Stop Help Server] INFO  o.e.j.server.handler.ContextHandler - stopped o.e.j.s.ServletContextHandler{/help,null}
2016-06-14 02:00:55,522 [Start Help Server] INFO  org.eclipse.jetty.server.Server - jetty-8.1.16.v20140903
2016-06-14 02:00:55,988 [Start Help Server] INFO  o.e.jetty.server.AbstractConnector - Started SelectChannelConnector@127.0.0.1:52825
2016-06-15 06:24:52,164 [Stop Help Server] INFO  o.e.j.server.handler.ContextHandler - stopped o.e.j.s.ServletContextHandler{/help,null}
2016-06-15 06:58:54,632 [Start Help Server] INFO  org.eclipse.jetty.server.Server - jetty-8.1.16.v20140903
2016-06-15 06:58:54,884 [Start Help Server] INFO  o.e.jetty.server.AbstractConnector - Started SelectChannelConnector@127.0.0.1:46759
2016-06-15 07:03:04,542 [Stop Help Server] INFO  o.e.j.server.handler.ContextHandler - stopped o.e.j.s.ServletContextHandler{/help,null}
2016-06-20 21:12:25,145 [Start Help Server] INFO  org.eclipse.jetty.server.Server - jetty-8.1.16.v20140903
2016-06-20 21:12:25,200 [Start Help Server] INFO  o.e.jetty.server.AbstractConnector - Started SelectChannelConnector@127.0.0.1:40561
2016-06-20 21:34:10,426 [Worker-6] INFO  org.eclipse.jetty.server.Server - jetty-8.1.16.v20140903
2016-06-20 21:34:10,433 [Worker-6] INFO  o.e.jetty.server.AbstractConnector - Started SelectChannelConnector@0.0.0.0:60826
2016-06-23 08:53:01,426 [main] WARN  Sisu - Error injecting: org.apache.maven.archetype.downloader.DefaultDownloader
com.google.inject.ProvisionException: Guice provision errors:

1) No implementation for org.apache.maven.artifact.resolver.ArtifactResolver was bound.
  while locating org.apache.maven.archetype.downloader.DefaultDownloader

1 error
	at com.google.inject.internal.InjectorImpl$2.get(InjectorImpl.java:1006) [sisu-guice-3.1.3-no_aop.jar:3.1.3]
	at com.google.inject.internal.InjectorImpl.getInstance(InjectorImpl.java:1032) [sisu-guice-3.1.3-no_aop.jar:3.1.3]
	at org.eclipse.sisu.space.AbstractDeferredClass.get(AbstractDeferredClass.java:48) [org.eclipse.sisu.inject-0.0.0.M5.jar:na]
	at com.google.inject.internal.ProviderInternalFactory.provision(ProviderInternalFactory.java:86) [sisu-guice-3.1.3-no_aop.jar:3.1.3]
	at com.google.inject.internal.InternalFactoryToInitializableAdapter.provision(InternalFactoryToInitializableAdapter.java:55) [sisu-guice-3.1.3-no_aop.jar:3.1.3]
	at com.google.inject.internal.ProviderInternalFactory$1.call(ProviderInternalFactory.java:70) [sisu-guice-3.1.3-no_aop.jar:3.1.3]
	at com.google.inject.internal.ProvisionListenerStackCallback$Provision.provision(ProvisionListenerStackCallback.java:100) [sisu-guice-3.1.3-no_aop.jar:3.1.3]
	at com.google.inject.internal.ProvisionListenerStackCallback$Provision.provision(ProvisionListenerStackCallback.java:116) [sisu-guice-3.1.3-no_aop.jar:3.1.3]
	at com.google.inject.internal.ProvisionListenerStackCallback.provision(ProvisionListenerStackCallback.java:55) [sisu-guice-3.1.3-no_aop.jar:3.1.3]
	at com.google.inject.internal.ProviderInternalFactory.circularGet(ProviderInternalFactory.java:68) [sisu-guice-3.1.3-no_aop.jar:3.1.3]
	at com.google.inject.internal.InternalFactoryToInitializableAdapter.get(InternalFactoryToInitializableAdapter.java:47) [sisu-guice-3.1.3-no_aop.jar:3.1.3]
	at com.google.inject.internal.ProviderToInternalFactoryAdapter$1.call(ProviderToInternalFactoryAdapter.java:46) [sisu-guice-3.1.3-no_aop.jar:3.1.3]
	at com.google.inject.internal.InjectorImpl.callInContext(InjectorImpl.java:1054) [sisu-guice-3.1.3-no_aop.jar:3.1.3]
	at com.google.inject.internal.ProviderToInternalFactoryAdapter.get(ProviderToInternalFactoryAdapter.java:40) [sisu-guice-3.1.3-no_aop.jar:3.1.3]
	at com.google.inject.Scopes$1$1.get(Scopes.java:59) [sisu-guice-3.1.3-no_aop.jar:3.1.3]
	at com.google.inject.internal.InternalFactoryToProviderAdapter.get(InternalFactoryToProviderAdapter.java:41) [sisu-guice-3.1.3-no_aop.jar:3.1.3]
	at com.google.inject.internal.InjectorImpl$2$1.call(InjectorImpl.java:997) [sisu-guice-3.1.3-no_aop.jar:3.1.3]
	at com.google.inject.internal.InjectorImpl.callInContext(InjectorImpl.java:1054) [sisu-guice-3.1.3-no_aop.jar:3.1.3]
	at com.google.inject.internal.InjectorImpl$2.get(InjectorImpl.java:993) [sisu-guice-3.1.3-no_aop.jar:3.1.3]
	at org.eclipse.sisu.inject.LazyBeanEntry.getValue(LazyBeanEntry.java:82) [org.eclipse.sisu.inject-0.0.0.M5.jar:na]
	at org.eclipse.sisu.plexus.LazyPlexusBean.getValue(LazyPlexusBean.java:51) [org.eclipse.sisu.plexus-0.0.0.M5.jar:na]
	at org.eclipse.sisu.plexus.PlexusRequirements$RequirementProvider.get(PlexusRequirements.java:250) [org.eclipse.sisu.plexus-0.0.0.M5.jar:na]
	at org.eclipse.sisu.plexus.ProvidedPropertyBinding.injectProperty(ProvidedPropertyBinding.java:48) [org.eclipse.sisu.plexus-0.0.0.M5.jar:na]
	at org.eclipse.sisu.bean.BeanInjector.injectMembers(BeanInjector.java:52) [org.eclipse.sisu.inject-0.0.0.M5.jar:na]
	at com.google.inject.internal.MembersInjectorImpl.injectMembers(MembersInjectorImpl.java:128) [sisu-guice-3.1.3-no_aop.jar:3.1.3]
	at com.google.inject.internal.ConstructorInjector.provision(ConstructorInjector.java:118) [sisu-guice-3.1.3-no_aop.jar:3.1.3]
	at com.google.inject.internal.ConstructorInjector.access$000(ConstructorInjector.java:32) [sisu-guice-3.1.3-no_aop.jar:3.1.3]
	at com.google.inject.internal.ConstructorInjector$1.call(ConstructorInjector.java:92) [sisu-guice-3.1.3-no_aop.jar:3.1.3]
	at com.google.inject.internal.ProvisionListenerStackCallback$Provision.provision(ProvisionListenerStackCallback.java:100) [sisu-guice-3.1.3-no_aop.jar:3.1.3]
	at com.google.inject.internal.ProvisionListenerStackCallback$Provision.provision(ProvisionListenerStackCallback.java:116) [sisu-guice-3.1.3-no_aop.jar:3.1.3]
	at com.google.inject.internal.ProvisionListenerStackCallback.provision(ProvisionListenerStackCallback.java:55) [sisu-guice-3.1.3-no_aop.jar:3.1.3]
	at com.google.inject.internal.ConstructorInjector.construct(ConstructorInjector.java:90) [sisu-guice-3.1.3-no_aop.jar:3.1.3]
	at com.google.inject.internal.ConstructorBindingImpl$Factory.get(ConstructorBindingImpl.java:269) [sisu-guice-3.1.3-no_aop.jar:3.1.3]
	at com.google.inject.internal.InjectorImpl$2$1.call(InjectorImpl.java:997) [sisu-guice-3.1.3-no_aop.jar:3.1.3]
	at com.google.inject.internal.InjectorImpl.callInContext(InjectorImpl.java:1054) [sisu-guice-3.1.3-no_aop.jar:3.1.3]
	at com.google.inject.internal.InjectorImpl$2.get(InjectorImpl.java:993) [sisu-guice-3.1.3-no_aop.jar:3.1.3]
	at com.google.inject.internal.InjectorImpl.getInstance(InjectorImpl.java:1032) [sisu-guice-3.1.3-no_aop.jar:3.1.3]
	at org.eclipse.sisu.space.AbstractDeferredClass.get(AbstractDeferredClass.java:48) [org.eclipse.sisu.inject-0.0.0.M5.jar:na]
	at com.google.inject.internal.ProviderInternalFactory.provision(ProviderInternalFactory.java:86) [sisu-guice-3.1.3-no_aop.jar:3.1.3]
	at com.google.inject.internal.InternalFactoryToInitializableAdapter.provision(InternalFactoryToInitializableAdapter.java:55) [sisu-guice-3.1.3-no_aop.jar:3.1.3]
	at com.google.inject.internal.ProviderInternalFactory$1.call(ProviderInternalFactory.java:70) [sisu-guice-3.1.3-no_aop.jar:3.1.3]
	at com.google.inject.internal.ProvisionListenerStackCallback$Provision.provision(ProvisionListenerStackCallback.java:100) [sisu-guice-3.1.3-no_aop.jar:3.1.3]
	at org.eclipse.sisu.plexus.PlexusLifecycleManager.onProvision(PlexusLifecycleManager.java:133) [org.eclipse.sisu.plexus-0.0.0.M5.jar:na]
	at com.google.inject.internal.ProvisionListenerStackCallback$Provision.provision(ProvisionListenerStackCallback.java:109) [sisu-guice-3.1.3-no_aop.jar:3.1.3]
	at com.google.inject.internal.ProvisionListenerStackCallback.provision(ProvisionListenerStackCallback.java:55) [sisu-guice-3.1.3-no_aop.jar:3.1.3]
	at com.google.inject.internal.ProviderInternalFactory.circularGet(ProviderInternalFactory.java:68) [sisu-guice-3.1.3-no_aop.jar:3.1.3]
	at com.google.inject.internal.InternalFactoryToInitializableAdapter.get(InternalFactoryToInitializableAdapter.java:47) [sisu-guice-3.1.3-no_aop.jar:3.1.3]
	at com.google.inject.internal.ProviderToInternalFactoryAdapter$1.call(ProviderToInternalFactoryAdapter.java:46) [sisu-guice-3.1.3-no_aop.jar:3.1.3]
	at com.google.inject.internal.InjectorImpl.callInContext(InjectorImpl.java:1054) [sisu-guice-3.1.3-no_aop.jar:3.1.3]
	at com.google.inject.internal.ProviderToInternalFactoryAdapter.get(ProviderToInternalFactoryAdapter.java:40) [sisu-guice-3.1.3-no_aop.jar:3.1.3]
	at com.google.inject.Scopes$1$1.get(Scopes.java:59) [sisu-guice-3.1.3-no_aop.jar:3.1.3]
	at com.google.inject.internal.InternalFactoryToProviderAdapter.get(InternalFactoryToProviderAdapter.java:41) [sisu-guice-3.1.3-no_aop.jar:3.1.3]
	at com.google.inject.internal.InjectorImpl$2$1.call(InjectorImpl.java:997) [sisu-guice-3.1.3-no_aop.jar:3.1.3]
	at com.google.inject.internal.InjectorImpl.callInContext(InjectorImpl.java:1047) [sisu-guice-3.1.3-no_aop.jar:3.1.3]
	at com.google.inject.internal.InjectorImpl$2.get(InjectorImpl.java:993) [sisu-guice-3.1.3-no_aop.jar:3.1.3]
	at org.eclipse.sisu.inject.LazyBeanEntry.getValue(LazyBeanEntry.java:82) [org.eclipse.sisu.inject-0.0.0.M5.jar:na]
	at org.eclipse.sisu.plexus.LazyPlexusBean.getValue(LazyPlexusBean.java:51) [org.eclipse.sisu.plexus-0.0.0.M5.jar:na]
	at org.codehaus.plexus.DefaultPlexusContainer.lookup(DefaultPlexusContainer.java:260) [org.eclipse.sisu.plexus-0.0.0.M5.jar:na]
	at org.codehaus.plexus.DefaultPlexusContainer.lookup(DefaultPlexusContainer.java:252) [org.eclipse.sisu.plexus-0.0.0.M5.jar:na]
	at org.codehaus.plexus.DefaultPlexusContainer.lookup(DefaultPlexusContainer.java:246) [org.eclipse.sisu.plexus-0.0.0.M5.jar:na]
	at org.eclipse.m2e.core.internal.archetype.ArchetypeManager.<init>(ArchetypeManager.java:74) [org.eclipse.m2e.core_1.5.1.20150109-1820.jar:na]
	at org.eclipse.m2e.core.internal.MavenPluginActivator.newArchetypeManager(MavenPluginActivator.java:271) [org.eclipse.m2e.core_1.5.1.20150109-1820.jar:na]
	at org.eclipse.m2e.core.internal.MavenPluginActivator.start(MavenPluginActivator.java:192) [org.eclipse.m2e.core_1.5.1.20150109-1820.jar:na]
	at org.eclipse.osgi.internal.framework.BundleContextImpl$3.run(BundleContextImpl.java:771) [org.eclipse.osgi_3.10.2.v20150203-1939.jar:na]
	at org.eclipse.osgi.internal.framework.BundleContextImpl$3.run(BundleContextImpl.java:1) [org.eclipse.osgi_3.10.2.v20150203-1939.jar:na]
	at java.security.AccessController.doPrivileged(AccessController.java:280) [na:na]
	at org.eclipse.osgi.internal.framework.BundleContextImpl.startActivator(BundleContextImpl.java:764) [org.eclipse.osgi_3.10.2.v20150203-1939.jar:na]
	at org.eclipse.osgi.internal.framework.BundleContextImpl.start(BundleContextImpl.java:721) [org.eclipse.osgi_3.10.2.v20150203-1939.jar:na]
	at org.eclipse.osgi.internal.framework.EquinoxBundle.startWorker0(EquinoxBundle.java:936) [org.eclipse.osgi_3.10.2.v20150203-1939.jar:na]
	at org.eclipse.osgi.internal.framework.EquinoxBundle$EquinoxModule.startWorker(EquinoxBundle.java:319) [org.eclipse.osgi_3.10.2.v20150203-1939.jar:na]
	at org.eclipse.osgi.container.Module.doStart(Module.java:571) [org.eclipse.osgi_3.10.2.v20150203-1939.jar:na]
	at org.eclipse.osgi.container.Module.start(Module.java:439) [org.eclipse.osgi_3.10.2.v20150203-1939.jar:na]
	at org.eclipse.osgi.framework.util.SecureAction.start(SecureAction.java:454) [org.eclipse.osgi_3.10.2.v20150203-1939.jar:na]
	at org.eclipse.osgi.internal.hooks.EclipseLazyStarter.postFindLocalClass(EclipseLazyStarter.java:107) [org.eclipse.osgi_3.10.2.v20150203-1939.jar:na]
	at org.eclipse.osgi.internal.loader.classpath.ClasspathManager.findLocalClass(ClasspathManager.java:531) [org.eclipse.osgi_3.10.2.v20150203-1939.jar:na]
	at org.eclipse.osgi.internal.loader.ModuleClassLoader.findLocalClass(ModuleClassLoader.java:324) [org.eclipse.osgi_3.10.2.v20150203-1939.jar:na]
	at org.eclipse.osgi.internal.loader.BundleLoader.findLocalClass(BundleLoader.java:320) [org.eclipse.osgi_3.10.2.v20150203-1939.jar:na]
	at org.eclipse.osgi.internal.loader.sources.SingleSourcePackage.loadClass(SingleSourcePackage.java:36) [org.eclipse.osgi_3.10.2.v20150203-1939.jar:na]
	at org.eclipse.osgi.internal.loader.BundleLoader.findClassInternal(BundleLoader.java:391) [org.eclipse.osgi_3.10.2.v20150203-1939.jar:na]
	at org.eclipse.osgi.internal.loader.BundleLoader.findClass(BundleLoader.java:345) [org.eclipse.osgi_3.10.2.v20150203-1939.jar:na]
	at org.eclipse.osgi.internal.loader.BundleLoader.findClass(BundleLoader.java:337) [org.eclipse.osgi_3.10.2.v20150203-1939.jar:na]
	at org.eclipse.osgi.internal.loader.ModuleClassLoader.loadClass(ModuleClassLoader.java:160) [org.eclipse.osgi_3.10.2.v20150203-1939.jar:na]
	at java.lang.ClassLoader.loadClass(ClassLoader.java:650) [na:1.6.0]
	at java.lang.J9VMInternals.verifyImpl(Native Method) [na:1.6.0]
	at java.lang.J9VMInternals.verify(J9VMInternals.java:93) [na:1.6.0]
	at java.lang.J9VMInternals.initialize(J9VMInternals.java:170) [na:1.6.0]
	at java.lang.J9VMInternals.newInstanceImpl(Native Method) [na:1.6.0]
	at java.lang.Class.newInstance(Class.java:1564) [na:1.6.0]
	at org.eclipse.osgi.internal.framework.BundleContextImpl.loadBundleActivator(BundleContextImpl.java:755) [org.eclipse.osgi_3.10.2.v20150203-1939.jar:na]
	at org.eclipse.osgi.internal.framework.BundleContextImpl.start(BundleContextImpl.java:706) [org.eclipse.osgi_3.10.2.v20150203-1939.jar:na]
	at org.eclipse.osgi.internal.framework.EquinoxBundle.startWorker0(EquinoxBundle.java:936) [org.eclipse.osgi_3.10.2.v20150203-1939.jar:na]
	at org.eclipse.osgi.internal.framework.EquinoxBundle$EquinoxModule.startWorker(EquinoxBundle.java:319) [org.eclipse.osgi_3.10.2.v20150203-1939.jar:na]
	at org.eclipse.osgi.container.Module.doStart(Module.java:571) [org.eclipse.osgi_3.10.2.v20150203-1939.jar:na]
	at org.eclipse.osgi.container.Module.start(Module.java:439) [org.eclipse.osgi_3.10.2.v20150203-1939.jar:na]
	at org.eclipse.osgi.framework.util.SecureAction.start(SecureAction.java:454) [org.eclipse.osgi_3.10.2.v20150203-1939.jar:na]
	at org.eclipse.osgi.internal.hooks.EclipseLazyStarter.postFindLocalClass(EclipseLazyStarter.java:107) [org.eclipse.osgi_3.10.2.v20150203-1939.jar:na]
	at org.eclipse.osgi.internal.loader.classpath.ClasspathManager.findLocalClass(ClasspathManager.java:531) [org.eclipse.osgi_3.10.2.v20150203-1939.jar:na]
	at org.eclipse.osgi.internal.loader.ModuleClassLoader.findLocalClass(ModuleClassLoader.java:324) [org.eclipse.osgi_3.10.2.v20150203-1939.jar:na]
	at org.eclipse.osgi.internal.loader.BundleLoader.findLocalClass(BundleLoader.java:320) [org.eclipse.osgi_3.10.2.v20150203-1939.jar:na]
	at org.eclipse.osgi.internal.loader.BundleLoader.findClassInternal(BundleLoader.java:395) [org.eclipse.osgi_3.10.2.v20150203-1939.jar:na]
	at org.eclipse.osgi.internal.loader.BundleLoader.findClass(BundleLoader.java:345) [org.eclipse.osgi_3.10.2.v20150203-1939.jar:na]
	at org.eclipse.osgi.internal.loader.BundleLoader.findClass(BundleLoader.java:337) [org.eclipse.osgi_3.10.2.v20150203-1939.jar:na]
	at org.eclipse.osgi.internal.loader.ModuleClassLoader.loadClass(ModuleClassLoader.java:160) [org.eclipse.osgi_3.10.2.v20150203-1939.jar:na]
	at java.lang.ClassLoader.loadClass(ClassLoader.java:650) [na:1.6.0]
	at org.eclipse.osgi.internal.framework.EquinoxBundle.loadClass(EquinoxBundle.java:568) [org.eclipse.osgi_3.10.2.v20150203-1939.jar:na]
	at org.eclipse.core.internal.registry.osgi.RegistryStrategyOSGI.createExecutableExtension(RegistryStrategyOSGI.java:174) [org.eclipse.equinox.registry_3.5.400.v20140428-1507.jar:na]
	at org.eclipse.core.internal.registry.ExtensionRegistry.createExecutableExtension(ExtensionRegistry.java:905) [org.eclipse.equinox.registry_3.5.400.v20140428-1507.jar:na]
	at org.eclipse.core.internal.registry.ConfigurationElement.createExecutableExtension(ConfigurationElement.java:243) [org.eclipse.equinox.registry_3.5.400.v20140428-1507.jar:na]
	at org.eclipse.core.internal.registry.ConfigurationElementHandle.createExecutableExtension(ConfigurationElementHandle.java:55) [org.eclipse.equinox.registry_3.5.400.v20140428-1507.jar:na]
	at org.eclipse.jdt.core.JavaCore.getClasspathVariableInitializer(JavaCore.java:3498) [org.eclipse.jdt.core_3.10.2.v20150120-1634.jar:na]
	at org.eclipse.jdt.core.JavaCore.getClasspathVariable(JavaCore.java:3361) [org.eclipse.jdt.core_3.10.2.v20150120-1634.jar:na]
	at org.eclipse.jst.common.ui.internal.assembly.wizard.VariableReferenceWizardFragment.initializeElements(VariableReferenceWizardFragment.java:175) [org.eclipse.jst.common.ui_1.0.201.v201208291950.jar:na]
	at org.eclipse.jst.common.ui.internal.assembly.wizard.VariableReferenceWizardFragment.access$1(VariableReferenceWizardFragment.java:170) [org.eclipse.jst.common.ui_1.0.201.v201208291950.jar:na]
	at org.eclipse.jst.common.ui.internal.assembly.wizard.VariableReferenceWizardFragment$2.getElements(VariableReferenceWizardFragment.java:189) [org.eclipse.jst.common.ui_1.0.201.v201208291950.jar:na]
	at org.eclipse.jface.viewers.StructuredViewer.getRawChildren(StructuredViewer.java:999) [org.eclipse.jface_3.10.2.v20141021-1035.jar:na]
	at org.eclipse.jface.viewers.ColumnViewer.getRawChildren(ColumnViewer.java:699) [org.eclipse.jface_3.10.2.v20141021-1035.jar:na]
	at org.eclipse.jface.viewers.AbstractTreeViewer.getRawChildren(AbstractTreeViewer.java:1349) [org.eclipse.jface_3.10.2.v20141021-1035.jar:na]
	at org.eclipse.jface.viewers.TreeViewer.getRawChildren(TreeViewer.java:353) [org.eclipse.jface_3.10.2.v20141021-1035.jar:na]
	at org.eclipse.jface.viewers.StructuredViewer.getFilteredChildren(StructuredViewer.java:905) [org.eclipse.jface_3.10.2.v20141021-1035.jar:na]
	at org.eclipse.jface.viewers.AbstractTreeViewer.getSortedChildren(AbstractTreeViewer.java:617) [org.eclipse.jface_3.10.2.v20141021-1035.jar:na]
	at org.eclipse.jface.viewers.AbstractTreeViewer$1.run(AbstractTreeViewer.java:815) [org.eclipse.jface_3.10.2.v20141021-1035.jar:na]
	at org.eclipse.swt.custom.BusyIndicator.showWhile(BusyIndicator.java:70) [org.eclipse.swt.gtk.linux.x86_3.103.2.v20150203-1351.jar:na]
	at org.eclipse.jface.viewers.AbstractTreeViewer.createChildren(AbstractTreeViewer.java:791) [org.eclipse.jface_3.10.2.v20141021-1035.jar:na]
	at org.eclipse.jface.viewers.TreeViewer.createChildren(TreeViewer.java:611) [org.eclipse.jface_3.10.2.v20141021-1035.jar:na]
	at org.eclipse.jface.viewers.AbstractTreeViewer.createChildren(AbstractTreeViewer.java:762) [org.eclipse.jface_3.10.2.v20141021-1035.jar:na]
	at org.eclipse.jface.viewers.AbstractTreeViewer.internalInitializeTree(AbstractTreeViewer.java:1543) [org.eclipse.jface_3.10.2.v20141021-1035.jar:na]
	at org.eclipse.jface.viewers.TreeViewer.internalInitializeTree(TreeViewer.java:790) [org.eclipse.jface_3.10.2.v20141021-1035.jar:na]
	at org.eclipse.jface.viewers.AbstractTreeViewer$5.run(AbstractTreeViewer.java:1527) [org.eclipse.jface_3.10.2.v20141021-1035.jar:na]
	at org.eclipse.jface.viewers.StructuredViewer.preservingSelection(StructuredViewer.java:1436) [org.eclipse.jface_3.10.2.v20141021-1035.jar:na]
	at org.eclipse.jface.viewers.TreeViewer.preservingSelection(TreeViewer.java:366) [org.eclipse.jface_3.10.2.v20141021-1035.jar:na]
	at org.eclipse.jface.viewers.StructuredViewer.preservingSelection(StructuredViewer.java:1397) [org.eclipse.jface_3.10.2.v20141021-1035.jar:na]
	at org.eclipse.jface.viewers.AbstractTreeViewer.inputChanged(AbstractTreeViewer.java:1519) [org.eclipse.jface_3.10.2.v20141021-1035.jar:na]
	at org.eclipse.jface.viewers.ContentViewer.setInput(ContentViewer.java:292) [org.eclipse.jface_3.10.2.v20141021-1035.jar:na]
	at org.eclipse.jface.viewers.StructuredViewer.setInput(StructuredViewer.java:1675) [org.eclipse.jface_3.10.2.v20141021-1035.jar:na]
	at org.eclipse.jst.common.ui.internal.assembly.wizard.VariableReferenceWizardFragment.createComposite(VariableReferenceWizardFragment.java:90) [org.eclipse.jst.common.ui_1.0.201.v201208291950.jar:na]
	at org.eclipse.wst.common.componentcore.ui.internal.taskwizard.TaskWizardPage.createControl(TaskWizardPage.java:43) [org.eclipse.wst.common.modulecore.ui_1.0.201.v201208241542.jar:na]
	at org.eclipse.jface.wizard.WizardDialog.updateForPage(WizardDialog.java:1276) [org.eclipse.jface_3.10.2.v20141021-1035.jar:na]
	at org.eclipse.jface.wizard.WizardDialog.access$4(WizardDialog.java:1268) [org.eclipse.jface_3.10.2.v20141021-1035.jar:na]
	at org.eclipse.jface.wizard.WizardDialog$8.run(WizardDialog.java:1257) [org.eclipse.jface_3.10.2.v20141021-1035.jar:na]
	at org.eclipse.swt.custom.BusyIndicator.showWhile(BusyIndicator.java:70) [org.eclipse.swt.gtk.linux.x86_3.103.2.v20150203-1351.jar:na]
	at org.eclipse.jface.wizard.WizardDialog.showPage(WizardDialog.java:1254) [org.eclipse.jface_3.10.2.v20141021-1035.jar:na]
	at org.eclipse.jface.wizard.WizardDialog.nextPressed(WizardDialog.java:942) [org.eclipse.jface_3.10.2.v20141021-1035.jar:na]
	at org.eclipse.jface.wizard.WizardDialog.buttonPressed(WizardDialog.java:434) [org.eclipse.jface_3.10.2.v20141021-1035.jar:na]
	at org.eclipse.jface.dialogs.Dialog$2.widgetSelected(Dialog.java:619) [org.eclipse.jface_3.10.2.v20141021-1035.jar:na]
	at org.eclipse.swt.widgets.TypedListener.handleEvent(TypedListener.java:248) [org.eclipse.swt.gtk.linux.x86_3.103.2.v20150203-1351.jar:na]
	at org.eclipse.swt.widgets.EventTable.sendEvent(EventTable.java:84) [org.eclipse.swt.gtk.linux.x86_3.103.2.v20150203-1351.jar:na]
	at org.eclipse.swt.widgets.Display.sendEvent(Display.java:4454) [org.eclipse.swt.gtk.linux.x86_3.103.2.v20150203-1351.jar:na]
	at org.eclipse.swt.widgets.Widget.sendEvent(Widget.java:1388) [org.eclipse.swt.gtk.linux.x86_3.103.2.v20150203-1351.jar:na]
	at org.eclipse.swt.widgets.Display.runDeferredEvents(Display.java:3799) [org.eclipse.swt.gtk.linux.x86_3.103.2.v20150203-1351.jar:na]
	at org.eclipse.swt.widgets.Display.readAndDispatch(Display.java:3409) [org.eclipse.swt.gtk.linux.x86_3.103.2.v20150203-1351.jar:na]
	at org.eclipse.jface.window.Window.runEventLoop(Window.java:832) [org.eclipse.jface_3.10.2.v20141021-1035.jar:na]
	at org.eclipse.jface.window.Window.open(Window.java:808) [org.eclipse.jface_3.10.2.v20141021-1035.jar:na]
	at org.eclipse.wst.common.componentcore.ui.propertypage.AddModuleDependenciesPropertiesPage.showReferenceWizard(AddModuleDependenciesPropertiesPage.java:615) [org.eclipse.wst.common.modulecore.ui_1.0.201.v201208241542.jar:na]
	at org.eclipse.wst.common.componentcore.ui.propertypage.AddModuleDependenciesPropertiesPage.handleAddReferenceButton(AddModuleDependenciesPropertiesPage.java:558) [org.eclipse.wst.common.modulecore.ui_1.0.201.v201208241542.jar:na]
	at org.eclipse.wst.common.componentcore.ui.propertypage.AddModuleDependenciesPropertiesPage.handleEvent(AddModuleDependenciesPropertiesPage.java:550) [org.eclipse.wst.common.modulecore.ui_1.0.201.v201208241542.jar:na]
	at org.eclipse.swt.widgets.EventTable.sendEvent(EventTable.java:84) [org.eclipse.swt.gtk.linux.x86_3.103.2.v20150203-1351.jar:na]
	at org.eclipse.swt.widgets.Display.sendEvent(Display.java:4454) [org.eclipse.swt.gtk.linux.x86_3.103.2.v20150203-1351.jar:na]
	at org.eclipse.swt.widgets.Widget.sendEvent(Widget.java:1388) [org.eclipse.swt.gtk.linux.x86_3.103.2.v20150203-1351.jar:na]
	at org.eclipse.swt.widgets.Display.runDeferredEvents(Display.java:3799) [org.eclipse.swt.gtk.linux.x86_3.103.2.v20150203-1351.jar:na]
	at org.eclipse.swt.widgets.Display.readAndDispatch(Display.java:3409) [org.eclipse.swt.gtk.linux.x86_3.103.2.v20150203-1351.jar:na]
	at org.eclipse.jface.window.Window.runEventLoop(Window.java:832) [org.eclipse.jface_3.10.2.v20141021-1035.jar:na]
	at org.eclipse.jface.window.Window.open(Window.java:808) [org.eclipse.jface_3.10.2.v20141021-1035.jar:na]
	at org.eclipse.ui.dialogs.PropertyDialogAction.run(PropertyDialogAction.java:160) [org.eclipse.ui.workbench_3.106.2.v20150204-1030.jar:na]
	at org.eclipse.jface.action.Action.runWithEvent(Action.java:519) [org.eclipse.jface_3.10.2.v20141021-1035.jar:na]
	at org.eclipse.jface.commands.ActionHandler.execute(ActionHandler.java:122) [org.eclipse.jface_3.10.2.v20141021-1035.jar:na]
	at org.eclipse.ui.internal.handlers.E4HandlerProxy.execute(E4HandlerProxy.java:90) [org.eclipse.ui.workbench_3.106.2.v20150204-1030.jar:na]
	at sun.reflect.GeneratedMethodAccessor45.invoke(Unknown Source) ~[na:na]
	at sun.reflect.DelegatingMethodAccessorImpl.invoke(DelegatingMethodAccessorImpl.java:37) ~[na:1.6.0]
	at java.lang.reflect.Method.invoke(Method.java:611) ~[na:1.6.0]
	at org.eclipse.e4.core.internal.di.MethodRequestor.execute(MethodRequestor.java:55) [org.eclipse.e4.core.di_1.4.0.v20140414-1837.jar:na]
	at org.eclipse.e4.core.internal.di.InjectorImpl.invokeUsingClass(InjectorImpl.java:247) [org.eclipse.e4.core.di_1.4.0.v20140414-1837.jar:na]
	at org.eclipse.e4.core.internal.di.InjectorImpl.invoke(InjectorImpl.java:229) [org.eclipse.e4.core.di_1.4.0.v20140414-1837.jar:na]
	at org.eclipse.e4.core.contexts.ContextInjectionFactory.invoke(ContextInjectionFactory.java:132) [org.eclipse.e4.core.contexts_1.3.100.v20140407-1019.jar:na]
	at org.eclipse.e4.core.commands.internal.HandlerServiceHandler.execute(HandlerServiceHandler.java:149) [org.eclipse.e4.core.commands_0.10.2.v20140424-2344.jar:na]
	at org.eclipse.core.commands.Command.executeWithChecks(Command.java:499) [org.eclipse.core.commands_3.6.100.v20140528-1422.jar:na]
	at org.eclipse.core.commands.ParameterizedCommand.executeWithChecks(ParameterizedCommand.java:508) [org.eclipse.core.commands_3.6.100.v20140528-1422.jar:na]
	at org.eclipse.e4.core.commands.internal.HandlerServiceImpl.executeHandler(HandlerServiceImpl.java:210) [org.eclipse.e4.core.commands_0.10.2.v20140424-2344.jar:na]
	at org.eclipse.e4.ui.bindings.keys.KeyBindingDispatcher.executeCommand(KeyBindingDispatcher.java:286) [org.eclipse.e4.ui.bindings_0.10.200.v20140424-2042.jar:na]
	at org.eclipse.e4.ui.bindings.keys.KeyBindingDispatcher.press(KeyBindingDispatcher.java:507) [org.eclipse.e4.ui.bindings_0.10.200.v20140424-2042.jar:na]
	at org.eclipse.e4.ui.bindings.keys.KeyBindingDispatcher.processKeyEvent(KeyBindingDispatcher.java:558) [org.eclipse.e4.ui.bindings_0.10.200.v20140424-2042.jar:na]
	at org.eclipse.e4.ui.bindings.keys.KeyBindingDispatcher.filterKeySequenceBindings(KeyBindingDispatcher.java:378) [org.eclipse.e4.ui.bindings_0.10.200.v20140424-2042.jar:na]
	at org.eclipse.e4.ui.bindings.keys.KeyBindingDispatcher.access$0(KeyBindingDispatcher.java:324) [org.eclipse.e4.ui.bindings_0.10.200.v20140424-2042.jar:na]
	at org.eclipse.e4.ui.bindings.keys.KeyBindingDispatcher$KeyDownFilter.handleEvent(KeyBindingDispatcher.java:86) [org.eclipse.e4.ui.bindings_0.10.200.v20140424-2042.jar:na]
	at org.eclipse.swt.widgets.EventTable.sendEvent(EventTable.java:84) [org.eclipse.swt.gtk.linux.x86_3.103.2.v20150203-1351.jar:na]
	at org.eclipse.swt.widgets.Display.filterEvent(Display.java:1574) [org.eclipse.swt.gtk.linux.x86_3.103.2.v20150203-1351.jar:na]
	at org.eclipse.swt.widgets.Widget.sendEvent(Widget.java:1387) [org.eclipse.swt.gtk.linux.x86_3.103.2.v20150203-1351.jar:na]
	at org.eclipse.swt.widgets.Widget.sendEvent(Widget.java:1412) [org.eclipse.swt.gtk.linux.x86_3.103.2.v20150203-1351.jar:na]
	at org.eclipse.swt.widgets.Widget.sendEvent(Widget.java:1397) [org.eclipse.swt.gtk.linux.x86_3.103.2.v20150203-1351.jar:na]
	at org.eclipse.swt.widgets.Control.traverse(Control.java:5362) [org.eclipse.swt.gtk.linux.x86_3.103.2.v20150203-1351.jar:na]
	at org.eclipse.swt.widgets.Control.translateTraversal(Control.java:5340) [org.eclipse.swt.gtk.linux.x86_3.103.2.v20150203-1351.jar:na]
	at org.eclipse.swt.widgets.Composite.translateTraversal(Composite.java:1621) [org.eclipse.swt.gtk.linux.x86_3.103.2.v20150203-1351.jar:na]
	at org.eclipse.swt.widgets.Control.gtk_key_press_event(Control.java:3290) [org.eclipse.swt.gtk.linux.x86_3.103.2.v20150203-1351.jar:na]
	at org.eclipse.swt.widgets.Composite.gtk_key_press_event(Composite.java:769) [org.eclipse.swt.gtk.linux.x86_3.103.2.v20150203-1351.jar:na]
	at org.eclipse.swt.widgets.Widget.windowProc(Widget.java:2098) [org.eclipse.swt.gtk.linux.x86_3.103.2.v20150203-1351.jar:na]
	at org.eclipse.swt.widgets.Control.windowProc(Control.java:5534) [org.eclipse.swt.gtk.linux.x86_3.103.2.v20150203-1351.jar:na]
	at org.eclipse.swt.widgets.Tree.windowProc(Tree.java:3613) [org.eclipse.swt.gtk.linux.x86_3.103.2.v20150203-1351.jar:na]
	at org.eclipse.swt.widgets.Display.windowProc(Display.java:4668) [org.eclipse.swt.gtk.linux.x86_3.103.2.v20150203-1351.jar:na]
	at org.eclipse.swt.internal.gtk.OS._gtk_main_do_event(Native Method) [org.eclipse.swt.gtk.linux.x86_3.103.2.v20150203-1351.jar:na]
	at org.eclipse.swt.internal.gtk.OS.gtk_main_do_event(OS.java:9106) [org.eclipse.swt.gtk.linux.x86_3.103.2.v20150203-1351.jar:na]
	at org.eclipse.swt.widgets.Display.eventProc(Display.java:1253) [org.eclipse.swt.gtk.linux.x86_3.103.2.v20150203-1351.jar:na]
	at org.eclipse.swt.internal.gtk.OS._g_main_context_iteration(Native Method) [org.eclipse.swt.gtk.linux.x86_3.103.2.v20150203-1351.jar:na]
	at org.eclipse.swt.internal.gtk.OS.g_main_context_iteration(OS.java:2477) [org.eclipse.swt.gtk.linux.x86_3.103.2.v20150203-1351.jar:na]
	at org.eclipse.swt.widgets.Display.readAndDispatch(Display.java:3407) [org.eclipse.swt.gtk.linux.x86_3.103.2.v20150203-1351.jar:na]
	at org.eclipse.e4.ui.internal.workbench.swt.PartRenderingEngine$9.run(PartRenderingEngine.java:1151) [org.eclipse.e4.ui.workbench.swt_0.12.100.v20141126-1150.jar:na]
	at org.eclipse.core.databinding.observable.Realm.runWithDefault(Realm.java:332) [org.eclipse.core.databinding.observable_1.4.1.v20140210-1835.jar:na]
	at org.eclipse.e4.ui.internal.workbench.swt.PartRenderingEngine.run(PartRenderingEngine.java:1032) [org.eclipse.e4.ui.workbench.swt_0.12.100.v20141126-1150.jar:na]
	at org.eclipse.e4.ui.internal.workbench.E4Workbench.createAndRunUI(E4Workbench.java:148) [org.eclipse.e4.ui.workbench_1.2.2.v20141212-1259.jar:na]
	at org.eclipse.ui.internal.Workbench$5.run(Workbench.java:636) [org.eclipse.ui.workbench_3.106.2.v20150204-1030.jar:na]
	at org.eclipse.core.databinding.observable.Realm.runWithDefault(Realm.java:332) [org.eclipse.core.databinding.observable_1.4.1.v20140210-1835.jar:na]
	at org.eclipse.ui.internal.Workbench.createAndRunWorkbench(Workbench.java:579) [org.eclipse.ui.workbench_3.106.2.v20150204-1030.jar:na]
	at org.eclipse.ui.PlatformUI.createAndRunWorkbench(PlatformUI.java:150) [org.eclipse.ui.workbench_3.106.2.v20150204-1030.jar:na]
	at org.eclipse.ui.internal.ide.application.IDEApplication.start(IDEApplication.java:135) [org.eclipse.ui.ide.application_1.0.501.v20141111-1238.jar:na]
	at org.eclipse.equinox.internal.app.EclipseAppHandle.run(EclipseAppHandle.java:196) [org.eclipse.equinox.app_1.3.200.v20130910-1609.jar:na]
	at org.eclipse.core.runtime.internal.adaptor.EclipseAppLauncher.runApplication(EclipseAppLauncher.java:134) [org.eclipse.osgi_3.10.2.v20150203-1939.jar:na]
	at org.eclipse.core.runtime.internal.adaptor.EclipseAppLauncher.start(EclipseAppLauncher.java:104) [org.eclipse.osgi_3.10.2.v20150203-1939.jar:na]
	at org.eclipse.core.runtime.adaptor.EclipseStarter.run(EclipseStarter.java:380) [org.eclipse.osgi_3.10.2.v20150203-1939.jar:na]
	at org.eclipse.core.runtime.adaptor.EclipseStarter.run(EclipseStarter.java:235) [org.eclipse.osgi_3.10.2.v20150203-1939.jar:na]
	at sun.reflect.NativeMethodAccessorImpl.invoke0(Native Method) ~[na:1.6.0]
	at sun.reflect.NativeMethodAccessorImpl.invoke(NativeMethodAccessorImpl.java:60) ~[na:1.6.0]
	at sun.reflect.DelegatingMethodAccessorImpl.invoke(DelegatingMethodAccessorImpl.java:37) ~[na:1.6.0]
	at java.lang.reflect.Method.invoke(Method.java:611) ~[na:1.6.0]
	at org.eclipse.equinox.launcher.Main.invokeFramework(Main.java:648) [org.eclipse.equinox.launcher_1.3.0.v20140415-2008.jar:na]
	at org.eclipse.equinox.launcher.Main.basicRun(Main.java:603) [org.eclipse.equinox.launcher_1.3.0.v20140415-2008.jar:na]
	at org.eclipse.equinox.launcher.Main.run(Main.java:1465) [org.eclipse.equinox.launcher_1.3.0.v20140415-2008.jar:na]
	at org.eclipse.equinox.launcher.Main.main(Main.java:1438) [org.eclipse.equinox.launcher_1.3.0.v20140415-2008.jar:na]
2016-06-23 08:53:01,489 [main] WARN  Sisu - Error injecting: org.apache.maven.archetype.common.DefaultArchetypeArtifactManager
com.google.inject.ProvisionException: Guice provision errors:

1) No implementation for org.apache.maven.artifact.resolver.ArtifactResolver was bound.
  while locating org.apache.maven.archetype.downloader.DefaultDownloader
  at ClassRealm[plexus.core, parent: null]
  at ClassRealm[plexus.core, parent: null]
  while locating org.apache.maven.archetype.downloader.Downloader
  while locating org.apache.maven.archetype.common.DefaultArchetypeArtifactManager

1 error
	at com.google.inject.internal.InjectorImpl$2.get(InjectorImpl.java:1006) [sisu-guice-3.1.3-no_aop.jar:3.1.3]
	at com.google.inject.internal.InjectorImpl.getInstance(InjectorImpl.java:1032) [sisu-guice-3.1.3-no_aop.jar:3.1.3]
	at org.eclipse.sisu.space.AbstractDeferredClass.get(AbstractDeferredClass.java:48) ~[org.eclipse.sisu.inject-0.0.0.M5.jar:na]
	at com.google.inject.internal.ProviderInternalFactory.provision(ProviderInternalFactory.java:86) [sisu-guice-3.1.3-no_aop.jar:3.1.3]
	at com.google.inject.internal.InternalFactoryToInitializableAdapter.provision(InternalFactoryToInitializableAdapter.java:55) [sisu-guice-3.1.3-no_aop.jar:3.1.3]
	at com.google.inject.internal.ProviderInternalFactory$1.call(ProviderInternalFactory.java:70) [sisu-guice-3.1.3-no_aop.jar:3.1.3]
	at com.google.inject.internal.ProvisionListenerStackCallback$Provision.provision(ProvisionListenerStackCallback.java:100) [sisu-guice-3.1.3-no_aop.jar:3.1.3]
	at org.eclipse.sisu.plexus.PlexusLifecycleManager.onProvision(PlexusLifecycleManager.java:133) [org.eclipse.sisu.plexus-0.0.0.M5.jar:na]
	at com.google.inject.internal.ProvisionListenerStackCallback$Provision.provision(ProvisionListenerStackCallback.java:109) [sisu-guice-3.1.3-no_aop.jar:3.1.3]
	at com.google.inject.internal.ProvisionListenerStackCallback.provision(ProvisionListenerStackCallback.java:55) [sisu-guice-3.1.3-no_aop.jar:3.1.3]
	at com.google.inject.internal.ProviderInternalFactory.circularGet(ProviderInternalFactory.java:68) [sisu-guice-3.1.3-no_aop.jar:3.1.3]
	at com.google.inject.internal.InternalFactoryToInitializableAdapter.get(InternalFactoryToInitializableAdapter.java:47) [sisu-guice-3.1.3-no_aop.jar:3.1.3]
	at com.google.inject.internal.ProviderToInternalFactoryAdapter$1.call(ProviderToInternalFactoryAdapter.java:46) [sisu-guice-3.1.3-no_aop.jar:3.1.3]
	at com.google.inject.internal.InjectorImpl.callInContext(InjectorImpl.java:1054) [sisu-guice-3.1.3-no_aop.jar:3.1.3]
	at com.google.inject.internal.ProviderToInternalFactoryAdapter.get(ProviderToInternalFactoryAdapter.java:40) [sisu-guice-3.1.3-no_aop.jar:3.1.3]
	at com.google.inject.Scopes$1$1.get(Scopes.java:59) [sisu-guice-3.1.3-no_aop.jar:3.1.3]
	at com.google.inject.internal.InternalFactoryToProviderAdapter.get(InternalFactoryToProviderAdapter.java:41) [sisu-guice-3.1.3-no_aop.jar:3.1.3]
	at com.google.inject.internal.InjectorImpl$2$1.call(InjectorImpl.java:997) [sisu-guice-3.1.3-no_aop.jar:3.1.3]
	at com.google.inject.internal.InjectorImpl.callInContext(InjectorImpl.java:1047) [sisu-guice-3.1.3-no_aop.jar:3.1.3]
	at com.google.inject.internal.InjectorImpl$2.get(InjectorImpl.java:993) [sisu-guice-3.1.3-no_aop.jar:3.1.3]
	at org.eclipse.sisu.inject.LazyBeanEntry.getValue(LazyBeanEntry.java:82) [org.eclipse.sisu.inject-0.0.0.M5.jar:na]
	at org.eclipse.sisu.plexus.LazyPlexusBean.getValue(LazyPlexusBean.java:51) [org.eclipse.sisu.plexus-0.0.0.M5.jar:na]
	at org.codehaus.plexus.DefaultPlexusContainer.lookup(DefaultPlexusContainer.java:260) [org.eclipse.sisu.plexus-0.0.0.M5.jar:na]
	at org.codehaus.plexus.DefaultPlexusContainer.lookup(DefaultPlexusContainer.java:252) [org.eclipse.sisu.plexus-0.0.0.M5.jar:na]
	at org.codehaus.plexus.DefaultPlexusContainer.lookup(DefaultPlexusContainer.java:246) [org.eclipse.sisu.plexus-0.0.0.M5.jar:na]
	at org.eclipse.m2e.core.internal.archetype.ArchetypeManager.<init>(ArchetypeManager.java:74) [org.eclipse.m2e.core_1.5.1.20150109-1820.jar:na]
	at org.eclipse.m2e.core.internal.MavenPluginActivator.newArchetypeManager(MavenPluginActivator.java:271) [org.eclipse.m2e.core_1.5.1.20150109-1820.jar:na]
	at org.eclipse.m2e.core.internal.MavenPluginActivator.start(MavenPluginActivator.java:192) [org.eclipse.m2e.core_1.5.1.20150109-1820.jar:na]
	at org.eclipse.osgi.internal.framework.BundleContextImpl$3.run(BundleContextImpl.java:771) [org.eclipse.osgi_3.10.2.v20150203-1939.jar:na]
	at org.eclipse.osgi.internal.framework.BundleContextImpl$3.run(BundleContextImpl.java:1) [org.eclipse.osgi_3.10.2.v20150203-1939.jar:na]
	at java.security.AccessController.doPrivileged(AccessController.java:280) [na:na]
	at org.eclipse.osgi.internal.framework.BundleContextImpl.startActivator(BundleContextImpl.java:764) [org.eclipse.osgi_3.10.2.v20150203-1939.jar:na]
	at org.eclipse.osgi.internal.framework.BundleContextImpl.start(BundleContextImpl.java:721) [org.eclipse.osgi_3.10.2.v20150203-1939.jar:na]
	at org.eclipse.osgi.internal.framework.EquinoxBundle.startWorker0(EquinoxBundle.java:936) [org.eclipse.osgi_3.10.2.v20150203-1939.jar:na]
	at org.eclipse.osgi.internal.framework.EquinoxBundle$EquinoxModule.startWorker(EquinoxBundle.java:319) [org.eclipse.osgi_3.10.2.v20150203-1939.jar:na]
	at org.eclipse.osgi.container.Module.doStart(Module.java:571) [org.eclipse.osgi_3.10.2.v20150203-1939.jar:na]
	at org.eclipse.osgi.container.Module.start(Module.java:439) [org.eclipse.osgi_3.10.2.v20150203-1939.jar:na]
	at org.eclipse.osgi.framework.util.SecureAction.start(SecureAction.java:454) [org.eclipse.osgi_3.10.2.v20150203-1939.jar:na]
	at org.eclipse.osgi.internal.hooks.EclipseLazyStarter.postFindLocalClass(EclipseLazyStarter.java:107) [org.eclipse.osgi_3.10.2.v20150203-1939.jar:na]
	at org.eclipse.osgi.internal.loader.classpath.ClasspathManager.findLocalClass(ClasspathManager.java:531) [org.eclipse.osgi_3.10.2.v20150203-1939.jar:na]
	at org.eclipse.osgi.internal.loader.ModuleClassLoader.findLocalClass(ModuleClassLoader.java:324) [org.eclipse.osgi_3.10.2.v20150203-1939.jar:na]
	at org.eclipse.osgi.internal.loader.BundleLoader.findLocalClass(BundleLoader.java:320) [org.eclipse.osgi_3.10.2.v20150203-1939.jar:na]
	at org.eclipse.osgi.internal.loader.sources.SingleSourcePackage.loadClass(SingleSourcePackage.java:36) [org.eclipse.osgi_3.10.2.v20150203-1939.jar:na]
	at org.eclipse.osgi.internal.loader.BundleLoader.findClassInternal(BundleLoader.java:391) [org.eclipse.osgi_3.10.2.v20150203-1939.jar:na]
	at org.eclipse.osgi.internal.loader.BundleLoader.findClass(BundleLoader.java:345) [org.eclipse.osgi_3.10.2.v20150203-1939.jar:na]
	at org.eclipse.osgi.internal.loader.BundleLoader.findClass(BundleLoader.java:337) [org.eclipse.osgi_3.10.2.v20150203-1939.jar:na]
	at org.eclipse.osgi.internal.loader.ModuleClassLoader.loadClass(ModuleClassLoader.java:160) [org.eclipse.osgi_3.10.2.v20150203-1939.jar:na]
	at java.lang.ClassLoader.loadClass(ClassLoader.java:650) [na:1.6.0]
	at java.lang.J9VMInternals.verifyImpl(Native Method) [na:1.6.0]
	at java.lang.J9VMInternals.verify(J9VMInternals.java:93) [na:1.6.0]
	at java.lang.J9VMInternals.initialize(J9VMInternals.java:170) [na:1.6.0]
	at java.lang.J9VMInternals.newInstanceImpl(Native Method) [na:1.6.0]
	at java.lang.Class.newInstance(Class.java:1564) [na:1.6.0]
	at org.eclipse.osgi.internal.framework.BundleContextImpl.loadBundleActivator(BundleContextImpl.java:755) [org.eclipse.osgi_3.10.2.v20150203-1939.jar:na]
	at org.eclipse.osgi.internal.framework.BundleContextImpl.start(BundleContextImpl.java:706) [org.eclipse.osgi_3.10.2.v20150203-1939.jar:na]
	at org.eclipse.osgi.internal.framework.EquinoxBundle.startWorker0(EquinoxBundle.java:936) [org.eclipse.osgi_3.10.2.v20150203-1939.jar:na]
	at org.eclipse.osgi.internal.framework.EquinoxBundle$EquinoxModule.startWorker(EquinoxBundle.java:319) [org.eclipse.osgi_3.10.2.v20150203-1939.jar:na]
	at org.eclipse.osgi.container.Module.doStart(Module.java:571) [org.eclipse.osgi_3.10.2.v20150203-1939.jar:na]
	at org.eclipse.osgi.container.Module.start(Module.java:439) [org.eclipse.osgi_3.10.2.v20150203-1939.jar:na]
	at org.eclipse.osgi.framework.util.SecureAction.start(SecureAction.java:454) [org.eclipse.osgi_3.10.2.v20150203-1939.jar:na]
	at org.eclipse.osgi.internal.hooks.EclipseLazyStarter.postFindLocalClass(EclipseLazyStarter.java:107) [org.eclipse.osgi_3.10.2.v20150203-1939.jar:na]
	at org.eclipse.osgi.internal.loader.classpath.ClasspathManager.findLocalClass(ClasspathManager.java:531) [org.eclipse.osgi_3.10.2.v20150203-1939.jar:na]
	at org.eclipse.osgi.internal.loader.ModuleClassLoader.findLocalClass(ModuleClassLoader.java:324) [org.eclipse.osgi_3.10.2.v20150203-1939.jar:na]
	at org.eclipse.osgi.internal.loader.BundleLoader.findLocalClass(BundleLoader.java:320) [org.eclipse.osgi_3.10.2.v20150203-1939.jar:na]
	at org.eclipse.osgi.internal.loader.BundleLoader.findClassInternal(BundleLoader.java:395) [org.eclipse.osgi_3.10.2.v20150203-1939.jar:na]
	at org.eclipse.osgi.internal.loader.BundleLoader.findClass(BundleLoader.java:345) [org.eclipse.osgi_3.10.2.v20150203-1939.jar:na]
	at org.eclipse.osgi.internal.loader.BundleLoader.findClass(BundleLoader.java:337) [org.eclipse.osgi_3.10.2.v20150203-1939.jar:na]
	at org.eclipse.osgi.internal.loader.ModuleClassLoader.loadClass(ModuleClassLoader.java:160) [org.eclipse.osgi_3.10.2.v20150203-1939.jar:na]
	at java.lang.ClassLoader.loadClass(ClassLoader.java:650) [na:1.6.0]
	at org.eclipse.osgi.internal.framework.EquinoxBundle.loadClass(EquinoxBundle.java:568) [org.eclipse.osgi_3.10.2.v20150203-1939.jar:na]
	at org.eclipse.core.internal.registry.osgi.RegistryStrategyOSGI.createExecutableExtension(RegistryStrategyOSGI.java:174) [org.eclipse.equinox.registry_3.5.400.v20140428-1507.jar:na]
	at org.eclipse.core.internal.registry.ExtensionRegistry.createExecutableExtension(ExtensionRegistry.java:905) [org.eclipse.equinox.registry_3.5.400.v20140428-1507.jar:na]
	at org.eclipse.core.internal.registry.ConfigurationElement.createExecutableExtension(ConfigurationElement.java:243) [org.eclipse.equinox.registry_3.5.400.v20140428-1507.jar:na]
	at org.eclipse.core.internal.registry.ConfigurationElementHandle.createExecutableExtension(ConfigurationElementHandle.java:55) [org.eclipse.equinox.registry_3.5.400.v20140428-1507.jar:na]
	at org.eclipse.jdt.core.JavaCore.getClasspathVariableInitializer(JavaCore.java:3498) [org.eclipse.jdt.core_3.10.2.v20150120-1634.jar:na]
	at org.eclipse.jdt.core.JavaCore.getClasspathVariable(JavaCore.java:3361) [org.eclipse.jdt.core_3.10.2.v20150120-1634.jar:na]
	at org.eclipse.jst.common.ui.internal.assembly.wizard.VariableReferenceWizardFragment.initializeElements(VariableReferenceWizardFragment.java:175) [org.eclipse.jst.common.ui_1.0.201.v201208291950.jar:na]
	at org.eclipse.jst.common.ui.internal.assembly.wizard.VariableReferenceWizardFragment.access$1(VariableReferenceWizardFragment.java:170) [org.eclipse.jst.common.ui_1.0.201.v201208291950.jar:na]
	at org.eclipse.jst.common.ui.internal.assembly.wizard.VariableReferenceWizardFragment$2.getElements(VariableReferenceWizardFragment.java:189) [org.eclipse.jst.common.ui_1.0.201.v201208291950.jar:na]
	at org.eclipse.jface.viewers.StructuredViewer.getRawChildren(StructuredViewer.java:999) [org.eclipse.jface_3.10.2.v20141021-1035.jar:na]
	at org.eclipse.jface.viewers.ColumnViewer.getRawChildren(ColumnViewer.java:699) [org.eclipse.jface_3.10.2.v20141021-1035.jar:na]
	at org.eclipse.jface.viewers.AbstractTreeViewer.getRawChildren(AbstractTreeViewer.java:1349) [org.eclipse.jface_3.10.2.v20141021-1035.jar:na]
	at org.eclipse.jface.viewers.TreeViewer.getRawChildren(TreeViewer.java:353) [org.eclipse.jface_3.10.2.v20141021-1035.jar:na]
	at org.eclipse.jface.viewers.StructuredViewer.getFilteredChildren(StructuredViewer.java:905) [org.eclipse.jface_3.10.2.v20141021-1035.jar:na]
	at org.eclipse.jface.viewers.AbstractTreeViewer.getSortedChildren(AbstractTreeViewer.java:617) [org.eclipse.jface_3.10.2.v20141021-1035.jar:na]
	at org.eclipse.jface.viewers.AbstractTreeViewer$1.run(AbstractTreeViewer.java:815) [org.eclipse.jface_3.10.2.v20141021-1035.jar:na]
	at org.eclipse.swt.custom.BusyIndicator.showWhile(BusyIndicator.java:70) [org.eclipse.swt.gtk.linux.x86_3.103.2.v20150203-1351.jar:na]
	at org.eclipse.jface.viewers.AbstractTreeViewer.createChildren(AbstractTreeViewer.java:791) [org.eclipse.jface_3.10.2.v20141021-1035.jar:na]
	at org.eclipse.jface.viewers.TreeViewer.createChildren(TreeViewer.java:611) [org.eclipse.jface_3.10.2.v20141021-1035.jar:na]
	at org.eclipse.jface.viewers.AbstractTreeViewer.createChildren(AbstractTreeViewer.java:762) [org.eclipse.jface_3.10.2.v20141021-1035.jar:na]
	at org.eclipse.jface.viewers.AbstractTreeViewer.internalInitializeTree(AbstractTreeViewer.java:1543) [org.eclipse.jface_3.10.2.v20141021-1035.jar:na]
	at org.eclipse.jface.viewers.TreeViewer.internalInitializeTree(TreeViewer.java:790) [org.eclipse.jface_3.10.2.v20141021-1035.jar:na]
	at org.eclipse.jface.viewers.AbstractTreeViewer$5.run(AbstractTreeViewer.java:1527) [org.eclipse.jface_3.10.2.v20141021-1035.jar:na]
	at org.eclipse.jface.viewers.StructuredViewer.preservingSelection(StructuredViewer.java:1436) [org.eclipse.jface_3.10.2.v20141021-1035.jar:na]
	at org.eclipse.jface.viewers.TreeViewer.preservingSelection(TreeViewer.java:366) [org.eclipse.jface_3.10.2.v20141021-1035.jar:na]
	at org.eclipse.jface.viewers.StructuredViewer.preservingSelection(StructuredViewer.java:1397) [org.eclipse.jface_3.10.2.v20141021-1035.jar:na]
	at org.eclipse.jface.viewers.AbstractTreeViewer.inputChanged(AbstractTreeViewer.java:1519) [org.eclipse.jface_3.10.2.v20141021-1035.jar:na]
	at org.eclipse.jface.viewers.ContentViewer.setInput(ContentViewer.java:292) [org.eclipse.jface_3.10.2.v20141021-1035.jar:na]
	at org.eclipse.jface.viewers.StructuredViewer.setInput(StructuredViewer.java:1675) [org.eclipse.jface_3.10.2.v20141021-1035.jar:na]
	at org.eclipse.jst.common.ui.internal.assembly.wizard.VariableReferenceWizardFragment.createComposite(VariableReferenceWizardFragment.java:90) [org.eclipse.jst.common.ui_1.0.201.v201208291950.jar:na]
	at org.eclipse.wst.common.componentcore.ui.internal.taskwizard.TaskWizardPage.createControl(TaskWizardPage.java:43) [org.eclipse.wst.common.modulecore.ui_1.0.201.v201208241542.jar:na]
	at org.eclipse.jface.wizard.WizardDialog.updateForPage(WizardDialog.java:1276) [org.eclipse.jface_3.10.2.v20141021-1035.jar:na]
	at org.eclipse.jface.wizard.WizardDialog.access$4(WizardDialog.java:1268) [org.eclipse.jface_3.10.2.v20141021-1035.jar:na]
	at org.eclipse.jface.wizard.WizardDialog$8.run(WizardDialog.java:1257) [org.eclipse.jface_3.10.2.v20141021-1035.jar:na]
	at org.eclipse.swt.custom.BusyIndicator.showWhile(BusyIndicator.java:70) [org.eclipse.swt.gtk.linux.x86_3.103.2.v20150203-1351.jar:na]
	at org.eclipse.jface.wizard.WizardDialog.showPage(WizardDialog.java:1254) [org.eclipse.jface_3.10.2.v20141021-1035.jar:na]
	at org.eclipse.jface.wizard.WizardDialog.nextPressed(WizardDialog.java:942) [org.eclipse.jface_3.10.2.v20141021-1035.jar:na]
	at org.eclipse.jface.wizard.WizardDialog.buttonPressed(WizardDialog.java:434) [org.eclipse.jface_3.10.2.v20141021-1035.jar:na]
	at org.eclipse.jface.dialogs.Dialog$2.widgetSelected(Dialog.java:619) [org.eclipse.jface_3.10.2.v20141021-1035.jar:na]
	at org.eclipse.swt.widgets.TypedListener.handleEvent(TypedListener.java:248) [org.eclipse.swt.gtk.linux.x86_3.103.2.v20150203-1351.jar:na]
	at org.eclipse.swt.widgets.EventTable.sendEvent(EventTable.java:84) [org.eclipse.swt.gtk.linux.x86_3.103.2.v20150203-1351.jar:na]
	at org.eclipse.swt.widgets.Display.sendEvent(Display.java:4454) [org.eclipse.swt.gtk.linux.x86_3.103.2.v20150203-1351.jar:na]
	at org.eclipse.swt.widgets.Widget.sendEvent(Widget.java:1388) [org.eclipse.swt.gtk.linux.x86_3.103.2.v20150203-1351.jar:na]
	at org.eclipse.swt.widgets.Display.runDeferredEvents(Display.java:3799) [org.eclipse.swt.gtk.linux.x86_3.103.2.v20150203-1351.jar:na]
	at org.eclipse.swt.widgets.Display.readAndDispatch(Display.java:3409) [org.eclipse.swt.gtk.linux.x86_3.103.2.v20150203-1351.jar:na]
	at org.eclipse.jface.window.Window.runEventLoop(Window.java:832) [org.eclipse.jface_3.10.2.v20141021-1035.jar:na]
	at org.eclipse.jface.window.Window.open(Window.java:808) [org.eclipse.jface_3.10.2.v20141021-1035.jar:na]
	at org.eclipse.wst.common.componentcore.ui.propertypage.AddModuleDependenciesPropertiesPage.showReferenceWizard(AddModuleDependenciesPropertiesPage.java:615) [org.eclipse.wst.common.modulecore.ui_1.0.201.v201208241542.jar:na]
	at org.eclipse.wst.common.componentcore.ui.propertypage.AddModuleDependenciesPropertiesPage.handleAddReferenceButton(AddModuleDependenciesPropertiesPage.java:558) [org.eclipse.wst.common.modulecore.ui_1.0.201.v201208241542.jar:na]
	at org.eclipse.wst.common.componentcore.ui.propertypage.AddModuleDependenciesPropertiesPage.handleEvent(AddModuleDependenciesPropertiesPage.java:550) [org.eclipse.wst.common.modulecore.ui_1.0.201.v201208241542.jar:na]
	at org.eclipse.swt.widgets.EventTable.sendEvent(EventTable.java:84) [org.eclipse.swt.gtk.linux.x86_3.103.2.v20150203-1351.jar:na]
	at org.eclipse.swt.widgets.Display.sendEvent(Display.java:4454) [org.eclipse.swt.gtk.linux.x86_3.103.2.v20150203-1351.jar:na]
	at org.eclipse.swt.widgets.Widget.sendEvent(Widget.java:1388) [org.eclipse.swt.gtk.linux.x86_3.103.2.v20150203-1351.jar:na]
	at org.eclipse.swt.widgets.Display.runDeferredEvents(Display.java:3799) [org.eclipse.swt.gtk.linux.x86_3.103.2.v20150203-1351.jar:na]
	at org.eclipse.swt.widgets.Display.readAndDispatch(Display.java:3409) [org.eclipse.swt.gtk.linux.x86_3.103.2.v20150203-1351.jar:na]
	at org.eclipse.jface.window.Window.runEventLoop(Window.java:832) [org.eclipse.jface_3.10.2.v20141021-1035.jar:na]
	at org.eclipse.jface.window.Window.open(Window.java:808) [org.eclipse.jface_3.10.2.v20141021-1035.jar:na]
	at org.eclipse.ui.dialogs.PropertyDialogAction.run(PropertyDialogAction.java:160) [org.eclipse.ui.workbench_3.106.2.v20150204-1030.jar:na]
	at org.eclipse.jface.action.Action.runWithEvent(Action.java:519) [org.eclipse.jface_3.10.2.v20141021-1035.jar:na]
	at org.eclipse.jface.commands.ActionHandler.execute(ActionHandler.java:122) [org.eclipse.jface_3.10.2.v20141021-1035.jar:na]
	at org.eclipse.ui.internal.handlers.E4HandlerProxy.execute(E4HandlerProxy.java:90) [org.eclipse.ui.workbench_3.106.2.v20150204-1030.jar:na]
	at sun.reflect.GeneratedMethodAccessor45.invoke(Unknown Source) ~[na:na]
	at sun.reflect.DelegatingMethodAccessorImpl.invoke(DelegatingMethodAccessorImpl.java:37) ~[na:1.6.0]
	at java.lang.reflect.Method.invoke(Method.java:611) ~[na:1.6.0]
	at org.eclipse.e4.core.internal.di.MethodRequestor.execute(MethodRequestor.java:55) [org.eclipse.e4.core.di_1.4.0.v20140414-1837.jar:na]
	at org.eclipse.e4.core.internal.di.InjectorImpl.invokeUsingClass(InjectorImpl.java:247) [org.eclipse.e4.core.di_1.4.0.v20140414-1837.jar:na]
	at org.eclipse.e4.core.internal.di.InjectorImpl.invoke(InjectorImpl.java:229) [org.eclipse.e4.core.di_1.4.0.v20140414-1837.jar:na]
	at org.eclipse.e4.core.contexts.ContextInjectionFactory.invoke(ContextInjectionFactory.java:132) [org.eclipse.e4.core.contexts_1.3.100.v20140407-1019.jar:na]
	at org.eclipse.e4.core.commands.internal.HandlerServiceHandler.execute(HandlerServiceHandler.java:149) [org.eclipse.e4.core.commands_0.10.2.v20140424-2344.jar:na]
	at org.eclipse.core.commands.Command.executeWithChecks(Command.java:499) [org.eclipse.core.commands_3.6.100.v20140528-1422.jar:na]
	at org.eclipse.core.commands.ParameterizedCommand.executeWithChecks(ParameterizedCommand.java:508) [org.eclipse.core.commands_3.6.100.v20140528-1422.jar:na]
	at org.eclipse.e4.core.commands.internal.HandlerServiceImpl.executeHandler(HandlerServiceImpl.java:210) [org.eclipse.e4.core.commands_0.10.2.v20140424-2344.jar:na]
	at org.eclipse.e4.ui.bindings.keys.KeyBindingDispatcher.executeCommand(KeyBindingDispatcher.java:286) [org.eclipse.e4.ui.bindings_0.10.200.v20140424-2042.jar:na]
	at org.eclipse.e4.ui.bindings.keys.KeyBindingDispatcher.press(KeyBindingDispatcher.java:507) [org.eclipse.e4.ui.bindings_0.10.200.v20140424-2042.jar:na]
	at org.eclipse.e4.ui.bindings.keys.KeyBindingDispatcher.processKeyEvent(KeyBindingDispatcher.java:558) [org.eclipse.e4.ui.bindings_0.10.200.v20140424-2042.jar:na]
	at org.eclipse.e4.ui.bindings.keys.KeyBindingDispatcher.filterKeySequenceBindings(KeyBindingDispatcher.java:378) [org.eclipse.e4.ui.bindings_0.10.200.v20140424-2042.jar:na]
	at org.eclipse.e4.ui.bindings.keys.KeyBindingDispatcher.access$0(KeyBindingDispatcher.java:324) [org.eclipse.e4.ui.bindings_0.10.200.v20140424-2042.jar:na]
	at org.eclipse.e4.ui.bindings.keys.KeyBindingDispatcher$KeyDownFilter.handleEvent(KeyBindingDispatcher.java:86) [org.eclipse.e4.ui.bindings_0.10.200.v20140424-2042.jar:na]
	at org.eclipse.swt.widgets.EventTable.sendEvent(EventTable.java:84) [org.eclipse.swt.gtk.linux.x86_3.103.2.v20150203-1351.jar:na]
	at org.eclipse.swt.widgets.Display.filterEvent(Display.java:1574) [org.eclipse.swt.gtk.linux.x86_3.103.2.v20150203-1351.jar:na]
	at org.eclipse.swt.widgets.Widget.sendEvent(Widget.java:1387) [org.eclipse.swt.gtk.linux.x86_3.103.2.v20150203-1351.jar:na]
	at org.eclipse.swt.widgets.Widget.sendEvent(Widget.java:1412) [org.eclipse.swt.gtk.linux.x86_3.103.2.v20150203-1351.jar:na]
	at org.eclipse.swt.widgets.Widget.sendEvent(Widget.java:1397) [org.eclipse.swt.gtk.linux.x86_3.103.2.v20150203-1351.jar:na]
	at org.eclipse.swt.widgets.Control.traverse(Control.java:5362) [org.eclipse.swt.gtk.linux.x86_3.103.2.v20150203-1351.jar:na]
	at org.eclipse.swt.widgets.Control.translateTraversal(Control.java:5340) [org.eclipse.swt.gtk.linux.x86_3.103.2.v20150203-1351.jar:na]
	at org.eclipse.swt.widgets.Composite.translateTraversal(Composite.java:1621) [org.eclipse.swt.gtk.linux.x86_3.103.2.v20150203-1351.jar:na]
	at org.eclipse.swt.widgets.Control.gtk_key_press_event(Control.java:3290) [org.eclipse.swt.gtk.linux.x86_3.103.2.v20150203-1351.jar:na]
	at org.eclipse.swt.widgets.Composite.gtk_key_press_event(Composite.java:769) [org.eclipse.swt.gtk.linux.x86_3.103.2.v20150203-1351.jar:na]
	at org.eclipse.swt.widgets.Widget.windowProc(Widget.java:2098) [org.eclipse.swt.gtk.linux.x86_3.103.2.v20150203-1351.jar:na]
	at org.eclipse.swt.widgets.Control.windowProc(Control.java:5534) [org.eclipse.swt.gtk.linux.x86_3.103.2.v20150203-1351.jar:na]
	at org.eclipse.swt.widgets.Tree.windowProc(Tree.java:3613) [org.eclipse.swt.gtk.linux.x86_3.103.2.v20150203-1351.jar:na]
	at org.eclipse.swt.widgets.Display.windowProc(Display.java:4668) [org.eclipse.swt.gtk.linux.x86_3.103.2.v20150203-1351.jar:na]
	at org.eclipse.swt.internal.gtk.OS._gtk_main_do_event(Native Method) [org.eclipse.swt.gtk.linux.x86_3.103.2.v20150203-1351.jar:na]
	at org.eclipse.swt.internal.gtk.OS.gtk_main_do_event(OS.java:9106) [org.eclipse.swt.gtk.linux.x86_3.103.2.v20150203-1351.jar:na]
	at org.eclipse.swt.widgets.Display.eventProc(Display.java:1253) [org.eclipse.swt.gtk.linux.x86_3.103.2.v20150203-1351.jar:na]
	at org.eclipse.swt.internal.gtk.OS._g_main_context_iteration(Native Method) [org.eclipse.swt.gtk.linux.x86_3.103.2.v20150203-1351.jar:na]
	at org.eclipse.swt.internal.gtk.OS.g_main_context_iteration(OS.java:2477) [org.eclipse.swt.gtk.linux.x86_3.103.2.v20150203-1351.jar:na]
	at org.eclipse.swt.widgets.Display.readAndDispatch(Display.java:3407) [org.eclipse.swt.gtk.linux.x86_3.103.2.v20150203-1351.jar:na]
	at org.eclipse.e4.ui.internal.workbench.swt.PartRenderingEngine$9.run(PartRenderingEngine.java:1151) [org.eclipse.e4.ui.workbench.swt_0.12.100.v20141126-1150.jar:na]
	at org.eclipse.core.databinding.observable.Realm.runWithDefault(Realm.java:332) [org.eclipse.core.databinding.observable_1.4.1.v20140210-1835.jar:na]
	at org.eclipse.e4.ui.internal.workbench.swt.PartRenderingEngine.run(PartRenderingEngine.java:1032) [org.eclipse.e4.ui.workbench.swt_0.12.100.v20141126-1150.jar:na]
	at org.eclipse.e4.ui.internal.workbench.E4Workbench.createAndRunUI(E4Workbench.java:148) [org.eclipse.e4.ui.workbench_1.2.2.v20141212-1259.jar:na]
	at org.eclipse.ui.internal.Workbench$5.run(Workbench.java:636) [org.eclipse.ui.workbench_3.106.2.v20150204-1030.jar:na]
	at org.eclipse.core.databinding.observable.Realm.runWithDefault(Realm.java:332) [org.eclipse.core.databinding.observable_1.4.1.v20140210-1835.jar:na]
	at org.eclipse.ui.internal.Workbench.createAndRunWorkbench(Workbench.java:579) [org.eclipse.ui.workbench_3.106.2.v20150204-1030.jar:na]
	at org.eclipse.ui.PlatformUI.createAndRunWorkbench(PlatformUI.java:150) [org.eclipse.ui.workbench_3.106.2.v20150204-1030.jar:na]
	at org.eclipse.ui.internal.ide.application.IDEApplication.start(IDEApplication.java:135) [org.eclipse.ui.ide.application_1.0.501.v20141111-1238.jar:na]
	at org.eclipse.equinox.internal.app.EclipseAppHandle.run(EclipseAppHandle.java:196) [org.eclipse.equinox.app_1.3.200.v20130910-1609.jar:na]
	at org.eclipse.core.runtime.internal.adaptor.EclipseAppLauncher.runApplication(EclipseAppLauncher.java:134) [org.eclipse.osgi_3.10.2.v20150203-1939.jar:na]
	at org.eclipse.core.runtime.internal.adaptor.EclipseAppLauncher.start(EclipseAppLauncher.java:104) [org.eclipse.osgi_3.10.2.v20150203-1939.jar:na]
	at org.eclipse.core.runtime.adaptor.EclipseStarter.run(EclipseStarter.java:380) [org.eclipse.osgi_3.10.2.v20150203-1939.jar:na]
	at org.eclipse.core.runtime.adaptor.EclipseStarter.run(EclipseStarter.java:235) [org.eclipse.osgi_3.10.2.v20150203-1939.jar:na]
	at sun.reflect.NativeMethodAccessorImpl.invoke0(Native Method) ~[na:1.6.0]
	at sun.reflect.NativeMethodAccessorImpl.invoke(NativeMethodAccessorImpl.java:60) ~[na:1.6.0]
	at sun.reflect.DelegatingMethodAccessorImpl.invoke(DelegatingMethodAccessorImpl.java:37) ~[na:1.6.0]
	at java.lang.reflect.Method.invoke(Method.java:611) ~[na:1.6.0]
	at org.eclipse.equinox.launcher.Main.invokeFramework(Main.java:648) [org.eclipse.equinox.launcher_1.3.0.v20140415-2008.jar:na]
	at org.eclipse.equinox.launcher.Main.basicRun(Main.java:603) [org.eclipse.equinox.launcher_1.3.0.v20140415-2008.jar:na]
	at org.eclipse.equinox.launcher.Main.run(Main.java:1465) [org.eclipse.equinox.launcher_1.3.0.v20140415-2008.jar:na]
	at org.eclipse.equinox.launcher.Main.main(Main.java:1438) [org.eclipse.equinox.launcher_1.3.0.v20140415-2008.jar:na]
2016-06-30 14:10:29,412 [Start Help Server] INFO  org.eclipse.jetty.server.Server - jetty-8.1.16.v20140903
2016-06-30 14:10:29,703 [Start Help Server] INFO  o.e.jetty.server.AbstractConnector - Started SelectChannelConnector@127.0.0.1:34698
2016-06-30 14:23:28,054 [Worker-17] INFO  org.eclipse.jetty.server.Server - jetty-8.1.16.v20140903
2016-06-30 14:23:28,062 [Worker-17] INFO  o.e.jetty.server.AbstractConnector - Started SelectChannelConnector@0.0.0.0:43659
2016-07-01 21:49:43,829 [Start Help Server] INFO  org.eclipse.jetty.server.Server - jetty-8.1.16.v20140903
2016-07-01 21:49:43,870 [Start Help Server] INFO  o.e.jetty.server.AbstractConnector - Started SelectChannelConnector@127.0.0.1:57173
2016-07-04 19:34:00,463 [Start Help Server] INFO  org.eclipse.jetty.server.Server - jetty-8.1.16.v20140903
2016-07-04 19:34:00,561 [Start Help Server] INFO  o.e.jetty.server.AbstractConnector - Started SelectChannelConnector@127.0.0.1:46741
2016-07-05 14:42:31,261 [Stop Help Server] INFO  o.e.j.server.handler.ContextHandler - stopped o.e.j.s.ServletContextHandler{/help,null}
2016-07-07 01:06:59,149 [Start Help Server] INFO  org.eclipse.jetty.server.Server - jetty-8.1.16.v20140903
2016-07-07 01:06:59,190 [Start Help Server] INFO  o.e.jetty.server.AbstractConnector - Started SelectChannelConnector@127.0.0.1:39881
2016-07-07 03:21:17,260 [Worker-56] INFO  org.eclipse.jetty.server.Server - jetty-8.1.16.v20140903
2016-07-07 03:21:17,266 [Worker-56] INFO  o.e.jetty.server.AbstractConnector - Started SelectChannelConnector@0.0.0.0:35647
2016-07-12 21:23:35,881 [Start Help Server] INFO  org.eclipse.jetty.server.Server - jetty-8.1.16.v20140903
2016-07-12 21:23:36,271 [Start Help Server] INFO  o.e.jetty.server.AbstractConnector - Started SelectChannelConnector@127.0.0.1:56177
2016-07-14 11:01:45,119 [Stop Help Server] INFO  o.e.j.server.handler.ContextHandler - stopped o.e.j.s.ServletContextHandler{/help,null}
2016-07-14 12:03:10,368 [Start Help Server] INFO  org.eclipse.jetty.server.Server - jetty-8.1.16.v20140903
2016-07-14 12:03:10,405 [Start Help Server] INFO  o.e.jetty.server.AbstractConnector - Started SelectChannelConnector@127.0.0.1:38379
2016-07-14 13:59:41,264 [Start Help Server] INFO  org.eclipse.jetty.server.Server - jetty-8.1.16.v20140903
2016-07-14 13:59:41,302 [Start Help Server] INFO  o.e.jetty.server.AbstractConnector - Started SelectChannelConnector@127.0.0.1:57197
2016-07-14 14:00:00,205 [Stop Help Server] INFO  o.e.j.server.handler.ContextHandler - stopped o.e.j.s.ServletContextHandler{/help,null}
2016-07-14 14:51:21,544 [Start Help Server] INFO  org.eclipse.jetty.server.Server - jetty-8.1.16.v20140903
2016-07-14 14:51:21,577 [Start Help Server] INFO  o.e.jetty.server.AbstractConnector - Started SelectChannelConnector@127.0.0.1:47328
2016-07-18 18:27:23,651 [Stop Help Server] INFO  o.e.j.server.handler.ContextHandler - stopped o.e.j.s.ServletContextHandler{/help,null}
2016-07-28 20:18:30,318 [Start Help Server] INFO  org.eclipse.jetty.server.Server - jetty-8.1.16.v20140903
2016-07-28 20:18:30,361 [Start Help Server] INFO  o.e.jetty.server.AbstractConnector - Started SelectChannelConnector@127.0.0.1:57875
2016-07-28 20:25:04,425 [Worker-9] INFO  org.eclipse.jetty.server.Server - jetty-8.1.16.v20140903
2016-07-28 20:25:04,429 [Worker-9] INFO  o.e.jetty.server.AbstractConnector - Started SelectChannelConnector@0.0.0.0:55948
2016-08-01 20:48:37,505 [Stop Help Server] INFO  o.e.j.server.handler.ContextHandler - stopped o.e.j.s.ServletContextHandler{/help,null}
2016-08-03 06:52:32,781 [Start Help Server] INFO  org.eclipse.jetty.server.Server - jetty-8.1.16.v20140903
2016-08-03 06:52:32,824 [Start Help Server] INFO  o.e.jetty.server.AbstractConnector - Started SelectChannelConnector@127.0.0.1:33219
2016-08-03 07:14:55,692 [Worker-5] INFO  org.eclipse.jetty.server.Server - jetty-8.1.16.v20140903
2016-08-03 07:14:55,695 [Worker-5] INFO  o.e.jetty.server.AbstractConnector - Started SelectChannelConnector@0.0.0.0:37375
2016-08-03 16:55:38,124 [Worker-4] INFO  org.eclipse.jetty.server.Server - jetty-8.1.16.v20140903
2016-08-03 16:55:38,164 [Worker-4] INFO  o.e.jetty.server.AbstractConnector - Started SelectChannelConnector@0.0.0.0:59373
2016-08-03 16:55:43,153 [Start Help Server] INFO  org.eclipse.jetty.server.Server - jetty-8.1.16.v20140903
2016-08-03 16:55:43,164 [Start Help Server] INFO  o.e.jetty.server.AbstractConnector - Started SelectChannelConnector@127.0.0.1:55382
2016-08-13 01:22:08,675 [Stop Help Server] INFO  o.e.j.server.handler.ContextHandler - stopped o.e.j.s.ServletContextHandler{/help,null}
2016-08-15 10:02:08,660 [Start Help Server] INFO  org.eclipse.jetty.server.Server - jetty-8.1.16.v20140903
2016-08-15 10:02:09,066 [Start Help Server] INFO  o.e.jetty.server.AbstractConnector - Started SelectChannelConnector@127.0.0.1:51324
2016-08-16 05:47:25,630 [Worker-65] INFO  org.eclipse.jetty.server.Server - jetty-8.1.16.v20140903
2016-08-16 05:47:25,662 [Worker-65] INFO  o.e.jetty.server.AbstractConnector - Started SelectChannelConnector@0.0.0.0:42214
2016-08-16 12:48:43,486 [Stop Help Server] INFO  o.e.j.server.handler.ContextHandler - stopped o.e.j.s.ServletContextHandler{/help,null}
2016-08-23 20:46:45,170 [Start Help Server] INFO  org.eclipse.jetty.server.Server - jetty-8.1.16.v20140903
2016-08-23 20:46:45,239 [Start Help Server] INFO  o.e.jetty.server.AbstractConnector - Started SelectChannelConnector@127.0.0.1:47784
2016-08-25 11:48:55,697 [Start Help Server] INFO  org.eclipse.jetty.server.Server - jetty-8.1.16.v20140903
2016-08-25 11:48:55,912 [Start Help Server] INFO  o.e.jetty.server.AbstractConnector - Started SelectChannelConnector@127.0.0.1:39499
2016-08-26 18:54:26,059 [Stop Help Server] INFO  o.e.j.server.handler.ContextHandler - stopped o.e.j.s.ServletContextHandler{/help,null}
2016-09-12 21:24:41,210 [Start Help Server] INFO  org.eclipse.jetty.server.Server - jetty-8.1.16.v20140903
2016-09-12 21:24:41,315 [Start Help Server] INFO  o.e.jetty.server.AbstractConnector - Started SelectChannelConnector@127.0.0.1:46807
2016-09-13 10:35:44,786 [Stop Help Server] INFO  o.e.j.server.handler.ContextHandler - stopped o.e.j.s.ServletContextHandler{/help,null}
2016-09-28 18:07:14,509 [Start Help Server] INFO  org.eclipse.jetty.server.Server - jetty-8.1.16.v20140903
2016-09-28 18:07:14,799 [Start Help Server] INFO  o.e.jetty.server.AbstractConnector - Started SelectChannelConnector@127.0.0.1:40687
2016-10-04 18:32:15,913 [Stop Help Server] INFO  o.e.j.server.handler.ContextHandler - stopped o.e.j.s.ServletContextHandler{/help,null}
2016-10-07 01:21:28,512 [Start Help Server] INFO  org.eclipse.jetty.server.Server - jetty-8.1.16.v20140903
2016-10-07 01:21:28,571 [Start Help Server] INFO  o.e.jetty.server.AbstractConnector - Started SelectChannelConnector@127.0.0.1:37577
2016-10-07 04:12:06,745 [Stop Help Server] INFO  o.e.j.server.handler.ContextHandler - stopped o.e.j.s.ServletContextHandler{/help,null}
2016-10-12 09:14:44,298 [Start Help Server] INFO  org.eclipse.jetty.server.Server - jetty-8.1.16.v20140903
2016-10-12 09:14:44,416 [Start Help Server] INFO  o.e.jetty.server.AbstractConnector - Started SelectChannelConnector@127.0.0.1:35249
2016-10-12 18:26:06,457 [Stop Help Server] INFO  o.e.j.server.handler.ContextHandler - stopped o.e.j.s.ServletContextHandler{/help,null}
2016-10-18 15:10:08,842 [Start Help Server] INFO  org.eclipse.jetty.server.Server - jetty-8.1.16.v20140903
2016-10-18 15:10:09,093 [Start Help Server] INFO  o.e.jetty.server.AbstractConnector - Started SelectChannelConnector@127.0.0.1:56972
2016-10-20 13:09:13,072 [Stop Help Server] INFO  o.e.j.server.handler.ContextHandler - stopped o.e.j.s.ServletContextHandler{/help,null}
2016-11-14 12:30:45,310 [Start Help Server] INFO  org.eclipse.jetty.server.Server - jetty-8.1.16.v20140903
2016-11-14 12:30:45,403 [Start Help Server] INFO  o.e.jetty.server.AbstractConnector - Started SelectChannelConnector@127.0.0.1:58498
2016-11-14 12:33:40,726 [Stop Help Server] INFO  o.e.j.server.handler.ContextHandler - stopped o.e.j.s.ServletContextHandler{/help,null}
2016-11-30 11:11:14,057 [Start Help Server] INFO  org.eclipse.jetty.server.Server - jetty-8.1.16.v20140903
2016-11-30 11:11:14,120 [Start Help Server] INFO  o.e.jetty.server.AbstractConnector - Started SelectChannelConnector@127.0.0.1:53716
2016-11-30 11:13:24,331 [Stop Help Server] INFO  o.e.j.server.handler.ContextHandler - stopped o.e.j.s.ServletContextHandler{/help,null}
2016-12-12 01:16:57,343 [Start Help Server] INFO  org.eclipse.jetty.server.Server - jetty-8.1.16.v20140903
2016-12-12 01:16:57,382 [Start Help Server] INFO  o.e.jetty.server.AbstractConnector - Started SelectChannelConnector@127.0.0.1:41557
2016-12-12 01:41:32,418 [Stop Help Server] INFO  o.e.j.server.handler.ContextHandler - stopped o.e.j.s.ServletContextHandler{/help,null}
2016-12-12 01:54:19,251 [Start Help Server] INFO  org.eclipse.jetty.server.Server - jetty-8.1.16.v20140903
2016-12-12 01:54:19,299 [Start Help Server] INFO  o.e.jetty.server.AbstractConnector - Started SelectChannelConnector@127.0.0.1:51868
2016-12-12 05:02:04,137 [Stop Help Server] INFO  o.e.j.server.handler.ContextHandler - stopped o.e.j.s.ServletContextHandler{/help,null}
2017-03-22 03:47:10,518 [Worker-24] INFO  org.eclipse.jetty.util.log - Logging initialized @570302ms
2017-03-22 03:47:10,606 [Worker-24] INFO  org.eclipse.jetty.server.Server - jetty-9.3.9.v20160517
2017-03-22 03:47:10,705 [Worker-24] INFO  o.e.jetty.server.AbstractConnector - Started ServerConnector@7e93d8{HTTP/1.1,[http/1.1]}{0.0.0.0:47475}
2017-03-22 03:47:10,705 [Worker-24] INFO  org.eclipse.jetty.server.Server - Started @570493ms
2017-09-29 19:26:26,695 [Worker-8] INFO  org.eclipse.jetty.util.log - Logging initialized @130502ms
2017-09-29 19:26:26,948 [Worker-8] INFO  org.eclipse.jetty.server.Server - jetty-9.3.9.v20160517
2017-09-29 19:26:27,041 [Worker-8] INFO  o.e.jetty.server.AbstractConnector - Started ServerConnector@3bb0bb{HTTP/1.1,[http/1.1]}{0.0.0.0:48451}
2017-09-29 19:26:27,042 [Worker-8] INFO  org.eclipse.jetty.server.Server - Started @130862ms
2017-09-29 19:29:13,366 [Worker-4] INFO  org.eclipse.jetty.util.log - Logging initialized @11005ms
2017-09-29 19:29:13,648 [Worker-4] INFO  org.eclipse.jetty.server.Server - jetty-9.3.9.v20160517
2017-09-29 19:29:13,914 [Worker-4] INFO  o.e.jetty.server.AbstractConnector - Started ServerConnector@17d98d5{HTTP/1.1,[http/1.1]}{0.0.0.0:60483}
2017-09-29 19:29:13,914 [Worker-4] INFO  org.eclipse.jetty.server.Server - Started @11569ms
2017-10-09 00:24:10,817 [Worker-9] INFO  org.eclipse.jetty.util.log - Logging initialized @192874ms
2017-10-09 00:24:10,927 [Worker-9] INFO  org.eclipse.jetty.server.Server - jetty-9.3.9.v20160517
2017-10-09 00:24:11,011 [Worker-9] INFO  o.e.jetty.server.AbstractConnector - Started ServerConnector@5cdf7b{HTTP/1.1,[http/1.1]}{0.0.0.0:35413}
2017-10-09 00:24:11,012 [Worker-9] INFO  org.eclipse.jetty.server.Server - Started @193073ms
2017-10-11 13:35:23,127 [Worker-28] INFO  org.eclipse.jetty.util.log - Logging initialized @1915675ms
2017-10-11 13:35:23,315 [Worker-28] INFO  org.eclipse.jetty.server.Server - jetty-9.3.9.v20160517
2017-10-11 13:35:23,420 [Worker-28] INFO  o.e.jetty.server.AbstractConnector - Started ServerConnector@be86fc{HTTP/1.1,[http/1.1]}{0.0.0.0:36227}
2017-10-11 13:35:23,421 [Worker-28] INFO  org.eclipse.jetty.server.Server - Started @1915975ms
2017-11-01 01:04:21,349 [Worker-19] INFO  org.eclipse.jetty.util.log - Logging initialized @199253ms
2017-11-01 01:04:21,603 [Worker-19] INFO  org.eclipse.jetty.server.Server - jetty-9.3.9.v20160517
2017-11-01 01:04:21,777 [Worker-19] INFO  o.e.jetty.server.AbstractConnector - Started ServerConnector@1c625eb{HTTP/1.1,[http/1.1]}{0.0.0.0:36689}
2017-11-01 01:04:21,777 [Worker-19] INFO  org.eclipse.jetty.server.Server - Started @199695ms
2017-11-05 13:26:15,469 [Worker-3] INFO  org.eclipse.jetty.util.log - Logging initialized @21828ms
2017-11-05 13:26:15,866 [Worker-3] INFO  org.eclipse.jetty.server.Server - jetty-9.3.9.v20160517
2017-11-05 13:26:16,207 [Worker-3] INFO  o.e.jetty.server.AbstractConnector - Started ServerConnector@46bfbc{HTTP/1.1,[http/1.1]}{0.0.0.0:46782}
2017-11-05 13:26:16,207 [Worker-3] INFO  org.eclipse.jetty.server.Server - Started @22594ms
2017-11-10 18:43:53,809 [Worker-5] INFO  org.eclipse.jetty.util.log - Logging initialized @20545ms
2017-11-10 18:43:54,092 [Worker-5] INFO  org.eclipse.jetty.server.Server - jetty-9.3.9.v20160517
2017-11-10 18:43:54,393 [Worker-5] INFO  o.e.jetty.server.AbstractConnector - Started ServerConnector@d33195{HTTP/1.1,[http/1.1]}{0.0.0.0:57359}
2017-11-10 18:43:54,393 [Worker-5] INFO  org.eclipse.jetty.server.Server - Started @21150ms
